<?xml version="1.0" encoding="UTF-8"?>
<testsuite xmlns:xsi="http://www.w3.org/2001/XMLSchema-instance" xsi:noNamespaceSchemaLocation="https://maven.apache.org/surefire/maven-surefire-plugin/xsd/surefire-test-report-3.0.xsd" version="3.0" name="com.ubedpathan.TodoApp.TodoAppApplicationTests" time="13.608" tests="1" errors="0" skipped="0" failures="0">
  <properties>
    <property name="PATH" value="C:\Users\Ubed\AppData\Local\Programs\Python\Python312\Scripts\;C:\Users\Ubed\AppData\Local\Programs\Python\Python312\;C:\Program Files\Java\jdk-17\bin;C:\Program Files\Common Files\Oracle\Java\javapath;C:\ProgramData\Oracle\Java\javapath;C:\Windows\system32;C:\Windows;C:\Windows\System32\Wbem;C:\Windows\System32\WindowsPowerShell\v1.0\;C:\Windows\System32\OpenSSH\;C:\MinGW\bin;C:\MinGW\bin;C:\Program Files\MySQL\MySQL Server 9.0\bin;C:\ProgramData\chocolatey\bin;C:\Program Files\nodejs;C:\Users\Ubed\AppData\Roaming\npm;C:\Program Files\Git\cmd;C:\Users\Ubed\AppData\Local\Programs\Microsoft VS Code\bin;C:\Program Files\MongoDB\Server\7.0\bin;C:\Program Files\php-8.2.24;C:\maven\bin;C:\Program Files\Docker\Docker\resources\bin;C:\Users\Ubed\AppData\Local\Programs\Python\Launcher\;C:\Users\Ubed\AppData\Local\Programs\Microsoft VS Code\bin;C:\Program Files\Java\jdk-17\bin;C:\Users\Ubed\AppData\Roaming\npm;C:\Program Files\JetBrains\IntelliJ IDEA Community Edition 2024.2.3\bin;;"/>
    <property name="java.specification.version" value="17"/>
    <property name="sun.cpu.isalist" value="amd64"/>
    <property name="sun.jnu.encoding" value="Cp1252"/>
    <property name="SESSIONNAME" value="Console"/>
    <property name="ALLUSERSPROFILE" value="C:\ProgramData"/>
    <property name="sun.arch.data.model" value="64"/>
    <property name="PROGRAMFILES" value="C:\Program Files"/>
    <property name="java.vendor.url" value="https://java.oracle.com/"/>
    <property name="PSMODULEPATH" value="C:\Users\Ubed\Documents\WindowsPowerShell\Modules;C:\Program Files\WindowsPowerShell\Modules;C:\Windows\system32\WindowsPowerShell\v1.0\Modules"/>
    <property name="USERNAME" value="Ubed"/>
    <property name="sun.boot.library.path" value="C:\Program Files\Java\jdk-17\bin"/>
    <property name="FPS_BROWSER_USER_PROFILE_STRING" value="Default"/>
    <property name="sun.java.command" value="C:\Users\Ubed\AppData\Local\Temp\surefire5282677673852555412\surefirebooter-20241215181817668_3.jar C:\Users\Ubed\AppData\Local\Temp\surefire5282677673852555412 2024-12-15T18-18-17_166-jvmRun1 surefire-20241215181817668_1tmp surefire_0-20241215181817668_2tmp"/>
    <property name="jdk.debug" value="release"/>
    <property name="PATHEXT" value=".COM;.EXE;.BAT;.CMD;.VBS;.VBE;.JS;.JSE;.WSF;.WSH;.MSC;.PY;.PYW;.CPL"/>
    <property name="java.specification.vendor" value="Oracle Corporation"/>
    <property name="java.version.date" value="2024-04-16"/>
    <property name="java.home" value="C:\Program Files\Java\jdk-17"/>
    <property name="file.separator" value="\"/>
    <property name="basedir" value="D:\Spring data\Todo App\Todo Server"/>
    <property name="java.vm.compressedOopsMode" value="32-bit"/>
    <property name="line.separator" value="&#10;"/>
    <property name="HOMEPATH" value="\Users\Ubed"/>
    <property name="java.vm.specification.vendor" value="Oracle Corporation"/>
    <property name="java.specification.name" value="Java Platform API Specification"/>
    <property name="TERM_SESSION_ID" value="42648fb9-0524-41fc-8abe-549514d975bf"/>
    <property name="PROCESSOR_IDENTIFIER" value="Intel64 Family 6 Model 42 Stepping 7, GenuineIntel"/>
    <property name="PUBLIC" value="C:\Users\Public"/>
    <property name="=::" value="::\"/>
    <property name="user.script" value=""/>
    <property name="sun.management.compiler" value="HotSpot 64-Bit Tiered Compilers"/>
    <property name="FPS_BROWSER_APP_PROFILE_STRING" value="Internet Explorer"/>
    <property name="java.runtime.version" value="17.0.11+7-LTS-207"/>
    <property name="JAVA_HOME" value="C:\Program Files\Java\jdk-17"/>
    <property name="PROMPT" value="$P$G"/>
    <property name="user.name" value="Ubed"/>
    <property name="PROGRAMFILES(X86)" value="C:\Program Files (x86)"/>
    <property name="JETBRAINS_INTELLIJ_COMMAND_END_MARKER" value="GSuG91OvS9iMZuT9ZgzK1F5ruU0QPWtsTti7yNUfCJjM7YjgSADNrXPiwxmNrZFK"/>
    <property name="DATABASE_URI" value="mongodb+srv://Ubedpathan:Ubed%40818@cluster0.vtt2z.mongodb.net/Todo?retryWrites=true&amp;w=majority&amp;appName=Cluster0"/>
    <property name="file.encoding" value="Cp1252"/>
    <property name="APPDATA" value="C:\Users\Ubed\AppData\Roaming"/>
    <property name="localRepository" value="C:\Users\Ubed\.m2\repository"/>
    <property name="java.io.tmpdir" value="C:\Users\Ubed\AppData\Local\Temp\"/>
    <property name="java.version" value="17.0.11"/>
    <property name="COMPUTERNAME" value="DESKTOP-Q1DQPSV"/>
    <property name="INTELLIJ IDEA COMMUNITY EDITION" value="C:\Program Files\JetBrains\IntelliJ IDEA Community Edition 2024.2.3\bin;"/>
    <property name="java.vm.specification.name" value="Java Virtual Machine Specification"/>
    <property name="MAVEN_PROJECTBASEDIR" value="D:\Spring data\Todo App\Todo Server"/>
    <property name="PID" value="7296"/>
    <property name="sun.os.patch.level" value=""/>
    <property name="TERMINAL_EMULATOR" value="JetBrains-JediTerm"/>
    <property name="CLASSWORLDS_LAUNCHER" value="org.codehaus.plexus.classworlds.launcher.Launcher"/>
    <property name="CONSOLE_LOG_CHARSET" value="windows-1252"/>
    <property name="native.encoding" value="Cp1252"/>
    <property name="java.library.path" value="C:\Program Files\Java\jdk-17\bin;C:\Windows\Sun\Java\bin;C:\Windows\system32;C:\Windows;C:\Users\Ubed\AppData\Local\Programs\Python\Python312\Scripts\;C:\Users\Ubed\AppData\Local\Programs\Python\Python312\;C:\Program Files\Java\jdk-17\bin;C:\Program Files\Common Files\Oracle\Java\javapath;C:\ProgramData\Oracle\Java\javapath;C:\Windows\system32;C:\Windows;C:\Windows\System32\Wbem;C:\Windows\System32\WindowsPowerShell\v1.0\;C:\Windows\System32\OpenSSH\;C:\MinGW\bin;C:\MinGW\bin;C:\Program Files\MySQL\MySQL Server 9.0\bin;C:\ProgramData\chocolatey\bin;C:\Program Files\nodejs;C:\Users\Ubed\AppData\Roaming\npm;C:\Program Files\Git\cmd;C:\Users\Ubed\AppData\Local\Programs\Microsoft VS Code\bin;C:\Program Files\MongoDB\Server\7.0\bin;C:\Program Files\php-8.2.24;C:\maven\bin;C:\Program Files\Docker\Docker\resources\bin;C:\Users\Ubed\AppData\Local\Programs\Python\Launcher\;C:\Users\Ubed\AppData\Local\Programs\Microsoft VS Code\bin;C:\Program Files\Java\jdk-17\bin;C:\Users\Ubed\AppData\Roaming\npm;C:\Program Files\JetBrains\IntelliJ IDEA Community Edition 2024.2.3\bin;;;."/>
    <property name="=D:" value="D:\Spring data\Todo App\Todo Server"/>
    <property name="java.vendor" value="Oracle Corporation"/>
    <property name="HOMEDRIVE" value="C:"/>
    <property name="sun.io.unicode.encoding" value="UnicodeLittle"/>
    <property name="NUMBER_OF_PROCESSORS" value="4"/>
    <property name="JVMCONFIG" value="\.mvn\jvm.config"/>
    <property name="USERDOMAIN_ROAMINGPROFILE" value="DESKTOP-Q1DQPSV"/>
    <property name="SYSTEMDRIVE" value="C:"/>
    <property name="PROCESSOR_LEVEL" value="6"/>
    <property name="java.class.path" value="D:\Spring data\Todo App\Todo Server\target\test-classes;D:\Spring data\Todo App\Todo Server\target\classes;C:\Users\Ubed\.m2\repository\org\springframework\boot\spring-boot-starter-web\3.2.11\spring-boot-starter-web-3.2.11.jar;C:\Users\Ubed\.m2\repository\org\springframework\boot\spring-boot-starter\3.2.11\spring-boot-starter-3.2.11.jar;C:\Users\Ubed\.m2\repository\org\springframework\boot\spring-boot\3.2.11\spring-boot-3.2.11.jar;C:\Users\Ubed\.m2\repository\org\springframework\boot\spring-boot-autoconfigure\3.2.11\spring-boot-autoconfigure-3.2.11.jar;C:\Users\Ubed\.m2\repository\org\springframework\boot\spring-boot-starter-logging\3.2.11\spring-boot-starter-logging-3.2.11.jar;C:\Users\Ubed\.m2\repository\ch\qos\logback\logback-classic\1.4.14\logback-classic-1.4.14.jar;C:\Users\Ubed\.m2\repository\ch\qos\logback\logback-core\1.4.14\logback-core-1.4.14.jar;C:\Users\Ubed\.m2\repository\org\apache\logging\log4j\log4j-to-slf4j\2.21.1\log4j-to-slf4j-2.21.1.jar;C:\Users\Ubed\.m2\repository\org\apache\logging\log4j\log4j-api\2.21.1\log4j-api-2.21.1.jar;C:\Users\Ubed\.m2\repository\org\slf4j\jul-to-slf4j\2.0.16\jul-to-slf4j-2.0.16.jar;C:\Users\Ubed\.m2\repository\jakarta\annotation\jakarta.annotation-api\2.1.1\jakarta.annotation-api-2.1.1.jar;C:\Users\Ubed\.m2\repository\org\yaml\snakeyaml\2.2\snakeyaml-2.2.jar;C:\Users\Ubed\.m2\repository\org\springframework\boot\spring-boot-starter-json\3.2.11\spring-boot-starter-json-3.2.11.jar;C:\Users\Ubed\.m2\repository\com\fasterxml\jackson\datatype\jackson-datatype-jdk8\2.15.4\jackson-datatype-jdk8-2.15.4.jar;C:\Users\Ubed\.m2\repository\com\fasterxml\jackson\datatype\jackson-datatype-jsr310\2.15.4\jackson-datatype-jsr310-2.15.4.jar;C:\Users\Ubed\.m2\repository\org\springframework\boot\spring-boot-starter-tomcat\3.2.11\spring-boot-starter-tomcat-3.2.11.jar;C:\Users\Ubed\.m2\repository\org\apache\tomcat\embed\tomcat-embed-core\10.1.31\tomcat-embed-core-10.1.31.jar;C:\Users\Ubed\.m2\repository\org\apache\tomcat\embed\tomcat-embed-el\10.1.31\tomcat-embed-el-10.1.31.jar;C:\Users\Ubed\.m2\repository\org\apache\tomcat\embed\tomcat-embed-websocket\10.1.31\tomcat-embed-websocket-10.1.31.jar;C:\Users\Ubed\.m2\repository\org\springframework\spring-web\6.1.14\spring-web-6.1.14.jar;C:\Users\Ubed\.m2\repository\org\springframework\spring-beans\6.1.14\spring-beans-6.1.14.jar;C:\Users\Ubed\.m2\repository\io\micrometer\micrometer-observation\1.12.11\micrometer-observation-1.12.11.jar;C:\Users\Ubed\.m2\repository\io\micrometer\micrometer-commons\1.12.11\micrometer-commons-1.12.11.jar;C:\Users\Ubed\.m2\repository\org\springframework\spring-webmvc\6.1.14\spring-webmvc-6.1.14.jar;C:\Users\Ubed\.m2\repository\org\springframework\spring-context\6.1.14\spring-context-6.1.14.jar;C:\Users\Ubed\.m2\repository\org\springframework\spring-expression\6.1.14\spring-expression-6.1.14.jar;C:\Users\Ubed\.m2\repository\org\springframework\boot\spring-boot-starter-test\3.2.11\spring-boot-starter-test-3.2.11.jar;C:\Users\Ubed\.m2\repository\org\springframework\boot\spring-boot-test\3.2.11\spring-boot-test-3.2.11.jar;C:\Users\Ubed\.m2\repository\org\springframework\boot\spring-boot-test-autoconfigure\3.2.11\spring-boot-test-autoconfigure-3.2.11.jar;C:\Users\Ubed\.m2\repository\com\jayway\jsonpath\json-path\2.9.0\json-path-2.9.0.jar;C:\Users\Ubed\.m2\repository\org\slf4j\slf4j-api\2.0.16\slf4j-api-2.0.16.jar;C:\Users\Ubed\.m2\repository\jakarta\xml\bind\jakarta.xml.bind-api\4.0.2\jakarta.xml.bind-api-4.0.2.jar;C:\Users\Ubed\.m2\repository\jakarta\activation\jakarta.activation-api\2.1.3\jakarta.activation-api-2.1.3.jar;C:\Users\Ubed\.m2\repository\net\minidev\json-smart\2.5.1\json-smart-2.5.1.jar;C:\Users\Ubed\.m2\repository\net\minidev\accessors-smart\2.5.1\accessors-smart-2.5.1.jar;C:\Users\Ubed\.m2\repository\org\ow2\asm\asm\9.6\asm-9.6.jar;C:\Users\Ubed\.m2\repository\org\assertj\assertj-core\3.24.2\assertj-core-3.24.2.jar;C:\Users\Ubed\.m2\repository\net\bytebuddy\byte-buddy\1.14.19\byte-buddy-1.14.19.jar;C:\Users\Ubed\.m2\repository\org\awaitility\awaitility\4.2.2\awaitility-4.2.2.jar;C:\Users\Ubed\.m2\repository\org\hamcrest\hamcrest\2.2\hamcrest-2.2.jar;C:\Users\Ubed\.m2\repository\org\junit\jupiter\junit-jupiter\5.10.5\junit-jupiter-5.10.5.jar;C:\Users\Ubed\.m2\repository\org\junit\jupiter\junit-jupiter-api\5.10.5\junit-jupiter-api-5.10.5.jar;C:\Users\Ubed\.m2\repository\org\opentest4j\opentest4j\1.3.0\opentest4j-1.3.0.jar;C:\Users\Ubed\.m2\repository\org\junit\platform\junit-platform-commons\1.10.5\junit-platform-commons-1.10.5.jar;C:\Users\Ubed\.m2\repository\org\apiguardian\apiguardian-api\1.1.2\apiguardian-api-1.1.2.jar;C:\Users\Ubed\.m2\repository\org\junit\jupiter\junit-jupiter-params\5.10.5\junit-jupiter-params-5.10.5.jar;C:\Users\Ubed\.m2\repository\org\junit\jupiter\junit-jupiter-engine\5.10.5\junit-jupiter-engine-5.10.5.jar;C:\Users\Ubed\.m2\repository\org\junit\platform\junit-platform-engine\1.10.5\junit-platform-engine-1.10.5.jar;C:\Users\Ubed\.m2\repository\org\mockito\mockito-core\5.7.0\mockito-core-5.7.0.jar;C:\Users\Ubed\.m2\repository\net\bytebuddy\byte-buddy-agent\1.14.19\byte-buddy-agent-1.14.19.jar;C:\Users\Ubed\.m2\repository\org\objenesis\objenesis\3.3\objenesis-3.3.jar;C:\Users\Ubed\.m2\repository\org\mockito\mockito-junit-jupiter\5.7.0\mockito-junit-jupiter-5.7.0.jar;C:\Users\Ubed\.m2\repository\org\skyscreamer\jsonassert\1.5.3\jsonassert-1.5.3.jar;C:\Users\Ubed\.m2\repository\com\vaadin\external\google\android-json\0.0.20131108.vaadin1\android-json-0.0.20131108.vaadin1.jar;C:\Users\Ubed\.m2\repository\org\springframework\spring-core\6.1.14\spring-core-6.1.14.jar;C:\Users\Ubed\.m2\repository\org\springframework\spring-jcl\6.1.14\spring-jcl-6.1.14.jar;C:\Users\Ubed\.m2\repository\org\springframework\spring-test\6.1.14\spring-test-6.1.14.jar;C:\Users\Ubed\.m2\repository\org\xmlunit\xmlunit-core\2.9.1\xmlunit-core-2.9.1.jar;C:\Users\Ubed\.m2\repository\org\projectlombok\lombok\1.18.34\lombok-1.18.34.jar;C:\Users\Ubed\.m2\repository\org\springframework\boot\spring-boot-starter-data-mongodb\3.2.11\spring-boot-starter-data-mongodb-3.2.11.jar;C:\Users\Ubed\.m2\repository\org\mongodb\mongodb-driver-sync\4.11.4\mongodb-driver-sync-4.11.4.jar;C:\Users\Ubed\.m2\repository\org\mongodb\bson\4.11.4\bson-4.11.4.jar;C:\Users\Ubed\.m2\repository\org\mongodb\mongodb-driver-core\4.11.4\mongodb-driver-core-4.11.4.jar;C:\Users\Ubed\.m2\repository\org\mongodb\bson-record-codec\4.11.4\bson-record-codec-4.11.4.jar;C:\Users\Ubed\.m2\repository\org\springframework\data\spring-data-mongodb\4.2.11\spring-data-mongodb-4.2.11.jar;C:\Users\Ubed\.m2\repository\org\springframework\spring-tx\6.1.14\spring-tx-6.1.14.jar;C:\Users\Ubed\.m2\repository\org\springframework\data\spring-data-commons\3.2.11\spring-data-commons-3.2.11.jar;C:\Users\Ubed\.m2\repository\com\fasterxml\jackson\core\jackson-databind\2.15.4\jackson-databind-2.15.4.jar;C:\Users\Ubed\.m2\repository\com\fasterxml\jackson\core\jackson-annotations\2.15.4\jackson-annotations-2.15.4.jar;C:\Users\Ubed\.m2\repository\com\fasterxml\jackson\core\jackson-core\2.15.4\jackson-core-2.15.4.jar;C:\Users\Ubed\.m2\repository\com\fasterxml\jackson\module\jackson-module-parameter-names\2.15.4\jackson-module-parameter-names-2.15.4.jar;C:\Users\Ubed\.m2\repository\org\springframework\boot\spring-boot-starter-security\3.2.11\spring-boot-starter-security-3.2.11.jar;C:\Users\Ubed\.m2\repository\org\springframework\spring-aop\6.1.14\spring-aop-6.1.14.jar;C:\Users\Ubed\.m2\repository\org\springframework\security\spring-security-config\6.2.7\spring-security-config-6.2.7.jar;C:\Users\Ubed\.m2\repository\org\springframework\security\spring-security-core\6.2.7\spring-security-core-6.2.7.jar;C:\Users\Ubed\.m2\repository\org\springframework\security\spring-security-crypto\6.2.7\spring-security-crypto-6.2.7.jar;C:\Users\Ubed\.m2\repository\org\springframework\security\spring-security-web\6.2.7\spring-security-web-6.2.7.jar;C:\Users\Ubed\.m2\repository\jakarta\validation\jakarta.validation-api\3.0.2\jakarta.validation-api-3.0.2.jar;C:\Users\Ubed\.m2\repository\org\hibernate\validator\hibernate-validator\8.0.1.Final\hibernate-validator-8.0.1.Final.jar;C:\Users\Ubed\.m2\repository\org\jboss\logging\jboss-logging\3.5.3.Final\jboss-logging-3.5.3.Final.jar;C:\Users\Ubed\.m2\repository\com\fasterxml\classmate\1.6.0\classmate-1.6.0.jar;C:\Users\Ubed\.m2\repository\io\jsonwebtoken\jjwt-api\0.12.5\jjwt-api-0.12.5.jar;C:\Users\Ubed\.m2\repository\io\jsonwebtoken\jjwt-impl\0.12.5\jjwt-impl-0.12.5.jar;C:\Users\Ubed\.m2\repository\io\jsonwebtoken\jjwt-jackson\0.12.5\jjwt-jackson-0.12.5.jar;C:\Users\Ubed\.m2\repository\jakarta\servlet\jakarta.servlet-api\6.0.0\jakarta.servlet-api-6.0.0.jar;C:\Users\Ubed\.m2\repository\io\github\cdimascio\dotenv-java\3.0.0\dotenv-java-3.0.0.jar;"/>
    <property name="java.vm.vendor" value="Oracle Corporation"/>
    <property name="PROCESSOR_ARCHITECTURE" value="AMD64"/>
    <property name="DRIVERDATA" value="C:\Windows\System32\Drivers\DriverData"/>
    <property name="MVN_HOME" value="C:\maven"/>
    <property name="user.variant" value=""/>
    <property name="MAVEN_HOME" value="C:\Users\Ubed\.m2\wrapper\dists\apache-maven-3.9.9\977a63e90f436cd6ade95b4c0e10c20c"/>
    <property name="user.timezone" value="Asia/Calcutta"/>
    <property name="org.jboss.logging.provider" value="slf4j"/>
    <property name="PROGRAMDATA" value="C:\ProgramData"/>
    <property name="java.vm.specification.version" value="17"/>
    <property name="os.name" value="Windows 10"/>
    <property name="CHOCOLATEYLASTPATHUPDATE" value="133694993160306378"/>
    <property name="sun.java.launcher" value="SUN_STANDARD"/>
    <property name="user.country" value="US"/>
    <property name="WDIR" value="D:\Spring data\Todo App\Todo Server"/>
    <property name="ONEDRIVE" value="C:\Users\Ubed\OneDrive"/>
    <property name="surefire.test.class.path" value="D:\Spring data\Todo App\Todo Server\target\test-classes;D:\Spring data\Todo App\Todo Server\target\classes;C:\Users\Ubed\.m2\repository\org\springframework\boot\spring-boot-starter-web\3.2.11\spring-boot-starter-web-3.2.11.jar;C:\Users\Ubed\.m2\repository\org\springframework\boot\spring-boot-starter\3.2.11\spring-boot-starter-3.2.11.jar;C:\Users\Ubed\.m2\repository\org\springframework\boot\spring-boot\3.2.11\spring-boot-3.2.11.jar;C:\Users\Ubed\.m2\repository\org\springframework\boot\spring-boot-autoconfigure\3.2.11\spring-boot-autoconfigure-3.2.11.jar;C:\Users\Ubed\.m2\repository\org\springframework\boot\spring-boot-starter-logging\3.2.11\spring-boot-starter-logging-3.2.11.jar;C:\Users\Ubed\.m2\repository\ch\qos\logback\logback-classic\1.4.14\logback-classic-1.4.14.jar;C:\Users\Ubed\.m2\repository\ch\qos\logback\logback-core\1.4.14\logback-core-1.4.14.jar;C:\Users\Ubed\.m2\repository\org\apache\logging\log4j\log4j-to-slf4j\2.21.1\log4j-to-slf4j-2.21.1.jar;C:\Users\Ubed\.m2\repository\org\apache\logging\log4j\log4j-api\2.21.1\log4j-api-2.21.1.jar;C:\Users\Ubed\.m2\repository\org\slf4j\jul-to-slf4j\2.0.16\jul-to-slf4j-2.0.16.jar;C:\Users\Ubed\.m2\repository\jakarta\annotation\jakarta.annotation-api\2.1.1\jakarta.annotation-api-2.1.1.jar;C:\Users\Ubed\.m2\repository\org\yaml\snakeyaml\2.2\snakeyaml-2.2.jar;C:\Users\Ubed\.m2\repository\org\springframework\boot\spring-boot-starter-json\3.2.11\spring-boot-starter-json-3.2.11.jar;C:\Users\Ubed\.m2\repository\com\fasterxml\jackson\datatype\jackson-datatype-jdk8\2.15.4\jackson-datatype-jdk8-2.15.4.jar;C:\Users\Ubed\.m2\repository\com\fasterxml\jackson\datatype\jackson-datatype-jsr310\2.15.4\jackson-datatype-jsr310-2.15.4.jar;C:\Users\Ubed\.m2\repository\org\springframework\boot\spring-boot-starter-tomcat\3.2.11\spring-boot-starter-tomcat-3.2.11.jar;C:\Users\Ubed\.m2\repository\org\apache\tomcat\embed\tomcat-embed-core\10.1.31\tomcat-embed-core-10.1.31.jar;C:\Users\Ubed\.m2\repository\org\apache\tomcat\embed\tomcat-embed-el\10.1.31\tomcat-embed-el-10.1.31.jar;C:\Users\Ubed\.m2\repository\org\apache\tomcat\embed\tomcat-embed-websocket\10.1.31\tomcat-embed-websocket-10.1.31.jar;C:\Users\Ubed\.m2\repository\org\springframework\spring-web\6.1.14\spring-web-6.1.14.jar;C:\Users\Ubed\.m2\repository\org\springframework\spring-beans\6.1.14\spring-beans-6.1.14.jar;C:\Users\Ubed\.m2\repository\io\micrometer\micrometer-observation\1.12.11\micrometer-observation-1.12.11.jar;C:\Users\Ubed\.m2\repository\io\micrometer\micrometer-commons\1.12.11\micrometer-commons-1.12.11.jar;C:\Users\Ubed\.m2\repository\org\springframework\spring-webmvc\6.1.14\spring-webmvc-6.1.14.jar;C:\Users\Ubed\.m2\repository\org\springframework\spring-context\6.1.14\spring-context-6.1.14.jar;C:\Users\Ubed\.m2\repository\org\springframework\spring-expression\6.1.14\spring-expression-6.1.14.jar;C:\Users\Ubed\.m2\repository\org\springframework\boot\spring-boot-starter-test\3.2.11\spring-boot-starter-test-3.2.11.jar;C:\Users\Ubed\.m2\repository\org\springframework\boot\spring-boot-test\3.2.11\spring-boot-test-3.2.11.jar;C:\Users\Ubed\.m2\repository\org\springframework\boot\spring-boot-test-autoconfigure\3.2.11\spring-boot-test-autoconfigure-3.2.11.jar;C:\Users\Ubed\.m2\repository\com\jayway\jsonpath\json-path\2.9.0\json-path-2.9.0.jar;C:\Users\Ubed\.m2\repository\org\slf4j\slf4j-api\2.0.16\slf4j-api-2.0.16.jar;C:\Users\Ubed\.m2\repository\jakarta\xml\bind\jakarta.xml.bind-api\4.0.2\jakarta.xml.bind-api-4.0.2.jar;C:\Users\Ubed\.m2\repository\jakarta\activation\jakarta.activation-api\2.1.3\jakarta.activation-api-2.1.3.jar;C:\Users\Ubed\.m2\repository\net\minidev\json-smart\2.5.1\json-smart-2.5.1.jar;C:\Users\Ubed\.m2\repository\net\minidev\accessors-smart\2.5.1\accessors-smart-2.5.1.jar;C:\Users\Ubed\.m2\repository\org\ow2\asm\asm\9.6\asm-9.6.jar;C:\Users\Ubed\.m2\repository\org\assertj\assertj-core\3.24.2\assertj-core-3.24.2.jar;C:\Users\Ubed\.m2\repository\net\bytebuddy\byte-buddy\1.14.19\byte-buddy-1.14.19.jar;C:\Users\Ubed\.m2\repository\org\awaitility\awaitility\4.2.2\awaitility-4.2.2.jar;C:\Users\Ubed\.m2\repository\org\hamcrest\hamcrest\2.2\hamcrest-2.2.jar;C:\Users\Ubed\.m2\repository\org\junit\jupiter\junit-jupiter\5.10.5\junit-jupiter-5.10.5.jar;C:\Users\Ubed\.m2\repository\org\junit\jupiter\junit-jupiter-api\5.10.5\junit-jupiter-api-5.10.5.jar;C:\Users\Ubed\.m2\repository\org\opentest4j\opentest4j\1.3.0\opentest4j-1.3.0.jar;C:\Users\Ubed\.m2\repository\org\junit\platform\junit-platform-commons\1.10.5\junit-platform-commons-1.10.5.jar;C:\Users\Ubed\.m2\repository\org\apiguardian\apiguardian-api\1.1.2\apiguardian-api-1.1.2.jar;C:\Users\Ubed\.m2\repository\org\junit\jupiter\junit-jupiter-params\5.10.5\junit-jupiter-params-5.10.5.jar;C:\Users\Ubed\.m2\repository\org\junit\jupiter\junit-jupiter-engine\5.10.5\junit-jupiter-engine-5.10.5.jar;C:\Users\Ubed\.m2\repository\org\junit\platform\junit-platform-engine\1.10.5\junit-platform-engine-1.10.5.jar;C:\Users\Ubed\.m2\repository\org\mockito\mockito-core\5.7.0\mockito-core-5.7.0.jar;C:\Users\Ubed\.m2\repository\net\bytebuddy\byte-buddy-agent\1.14.19\byte-buddy-agent-1.14.19.jar;C:\Users\Ubed\.m2\repository\org\objenesis\objenesis\3.3\objenesis-3.3.jar;C:\Users\Ubed\.m2\repository\org\mockito\mockito-junit-jupiter\5.7.0\mockito-junit-jupiter-5.7.0.jar;C:\Users\Ubed\.m2\repository\org\skyscreamer\jsonassert\1.5.3\jsonassert-1.5.3.jar;C:\Users\Ubed\.m2\repository\com\vaadin\external\google\android-json\0.0.20131108.vaadin1\android-json-0.0.20131108.vaadin1.jar;C:\Users\Ubed\.m2\repository\org\springframework\spring-core\6.1.14\spring-core-6.1.14.jar;C:\Users\Ubed\.m2\repository\org\springframework\spring-jcl\6.1.14\spring-jcl-6.1.14.jar;C:\Users\Ubed\.m2\repository\org\springframework\spring-test\6.1.14\spring-test-6.1.14.jar;C:\Users\Ubed\.m2\repository\org\xmlunit\xmlunit-core\2.9.1\xmlunit-core-2.9.1.jar;C:\Users\Ubed\.m2\repository\org\projectlombok\lombok\1.18.34\lombok-1.18.34.jar;C:\Users\Ubed\.m2\repository\org\springframework\boot\spring-boot-starter-data-mongodb\3.2.11\spring-boot-starter-data-mongodb-3.2.11.jar;C:\Users\Ubed\.m2\repository\org\mongodb\mongodb-driver-sync\4.11.4\mongodb-driver-sync-4.11.4.jar;C:\Users\Ubed\.m2\repository\org\mongodb\bson\4.11.4\bson-4.11.4.jar;C:\Users\Ubed\.m2\repository\org\mongodb\mongodb-driver-core\4.11.4\mongodb-driver-core-4.11.4.jar;C:\Users\Ubed\.m2\repository\org\mongodb\bson-record-codec\4.11.4\bson-record-codec-4.11.4.jar;C:\Users\Ubed\.m2\repository\org\springframework\data\spring-data-mongodb\4.2.11\spring-data-mongodb-4.2.11.jar;C:\Users\Ubed\.m2\repository\org\springframework\spring-tx\6.1.14\spring-tx-6.1.14.jar;C:\Users\Ubed\.m2\repository\org\springframework\data\spring-data-commons\3.2.11\spring-data-commons-3.2.11.jar;C:\Users\Ubed\.m2\repository\com\fasterxml\jackson\core\jackson-databind\2.15.4\jackson-databind-2.15.4.jar;C:\Users\Ubed\.m2\repository\com\fasterxml\jackson\core\jackson-annotations\2.15.4\jackson-annotations-2.15.4.jar;C:\Users\Ubed\.m2\repository\com\fasterxml\jackson\core\jackson-core\2.15.4\jackson-core-2.15.4.jar;C:\Users\Ubed\.m2\repository\com\fasterxml\jackson\module\jackson-module-parameter-names\2.15.4\jackson-module-parameter-names-2.15.4.jar;C:\Users\Ubed\.m2\repository\org\springframework\boot\spring-boot-starter-security\3.2.11\spring-boot-starter-security-3.2.11.jar;C:\Users\Ubed\.m2\repository\org\springframework\spring-aop\6.1.14\spring-aop-6.1.14.jar;C:\Users\Ubed\.m2\repository\org\springframework\security\spring-security-config\6.2.7\spring-security-config-6.2.7.jar;C:\Users\Ubed\.m2\repository\org\springframework\security\spring-security-core\6.2.7\spring-security-core-6.2.7.jar;C:\Users\Ubed\.m2\repository\org\springframework\security\spring-security-crypto\6.2.7\spring-security-crypto-6.2.7.jar;C:\Users\Ubed\.m2\repository\org\springframework\security\spring-security-web\6.2.7\spring-security-web-6.2.7.jar;C:\Users\Ubed\.m2\repository\jakarta\validation\jakarta.validation-api\3.0.2\jakarta.validation-api-3.0.2.jar;C:\Users\Ubed\.m2\repository\org\hibernate\validator\hibernate-validator\8.0.1.Final\hibernate-validator-8.0.1.Final.jar;C:\Users\Ubed\.m2\repository\org\jboss\logging\jboss-logging\3.5.3.Final\jboss-logging-3.5.3.Final.jar;C:\Users\Ubed\.m2\repository\com\fasterxml\classmate\1.6.0\classmate-1.6.0.jar;C:\Users\Ubed\.m2\repository\io\jsonwebtoken\jjwt-api\0.12.5\jjwt-api-0.12.5.jar;C:\Users\Ubed\.m2\repository\io\jsonwebtoken\jjwt-impl\0.12.5\jjwt-impl-0.12.5.jar;C:\Users\Ubed\.m2\repository\io\jsonwebtoken\jjwt-jackson\0.12.5\jjwt-jackson-0.12.5.jar;C:\Users\Ubed\.m2\repository\jakarta\servlet\jakarta.servlet-api\6.0.0\jakarta.servlet-api-6.0.0.jar;C:\Users\Ubed\.m2\repository\io\github\cdimascio\dotenv-java\3.0.0\dotenv-java-3.0.0.jar;"/>
    <property name="__MVNW_CMD__" value="C:\Users\Ubed/.m2/wrapper/dists/apache-maven-3.9.9/977a63e90f436cd6ade95b4c0e10c20c/bin/mvn.cmd"/>
    <property name="sun.cpu.endian" value="little"/>
    <property name="user.home" value="C:\Users\Ubed"/>
    <property name="user.language" value="en"/>
    <property name="CLASSWORLDS_JAR" value="&quot;C:\Users\Ubed\.m2\wrapper\dists\apache-maven-3.9.9\977a63e90f436cd6ade95b4c0e10c20c\boot\plexus-classworlds-2.8.0.jar&quot;"/>
    <property name="WINDIR" value="C:\Windows"/>
    <property name="FILE_LOG_CHARSET" value="windows-1252"/>
    <property name="java.awt.headless" value="true"/>
    <property name="PSEXECUTIONPOLICYPREFERENCE" value="Bypass"/>
    <property name="surefire.real.class.path" value="C:\Users\Ubed\AppData\Local\Temp\surefire5282677673852555412\surefirebooter-20241215181817668_3.jar"/>
    <property name="LOCALAPPDATA" value="C:\Users\Ubed\AppData\Local"/>
    <property name="COMMONPROGRAMFILES(X86)" value="C:\Program Files (x86)\Common Files"/>
    <property name="USERDOMAIN" value="DESKTOP-Q1DQPSV"/>
    <property name="LOGONSERVER" value="\\DESKTOP-Q1DQPSV"/>
    <property name="path.separator" value=";"/>
    <property name="os.version" value="10.0"/>
    <property name="ERROR_CODE" value="0"/>
    <property name="EXEC_DIR" value="D:\Spring data\Todo App\Todo Server"/>
    <property name="java.runtime.name" value="Java(TM) SE Runtime Environment"/>
    <property name="PROGRAMW6432" value="C:\Program Files"/>
    <property name="SYSTEMROOT" value="C:\Windows"/>
    <property name="java.vm.name" value="Java HotSpot(TM) 64-Bit Server VM"/>
    <property name="CHOCOLATEYINSTALL" value="C:\ProgramData\chocolatey"/>
    <property name="MAVEN_CMD_LINE_ARGS" value="clean package"/>
    <property name="java.vendor.url.bug" value="https://bugreport.java.com/bugreport/"/>
    <property name="OS" value="Windows_NT"/>
    <property name="user.dir" value="D:\Spring data\Todo App\Todo Server"/>
    <property name="COMMONPROGRAMW6432" value="C:\Program Files\Common Files"/>
    <property name="os.arch" value="amd64"/>
    <property name="COMSPEC" value="C:\Windows\system32\cmd.exe"/>
    <property name="COMMONPROGRAMFILES" value="C:\Program Files\Common Files"/>
    <property name="JAVACMD" value="C:\Program Files\Java\jdk-17\bin\java.exe"/>
    <property name="PROCESSOR_REVISION" value="2a07"/>
    <property name="FRONTEND_URL" value="https://todo-application-vert-nine.vercel.app"/>
    <property name="TEMP" value="C:\Users\Ubed\AppData\Local\Temp"/>
    <property name="java.vm.info" value="mixed mode, sharing"/>
    <property name="java.vm.version" value="17.0.11+7-LTS-207"/>
    <property name="USERPROFILE" value="C:\Users\Ubed"/>
    <property name="TMP" value="C:\Users\Ubed\AppData\Local\Temp"/>
    <property name="java.class.version" value="61.0"/>
  </properties>
  <testcase name="contextLoads" classname="com.ubedpathan.TodoApp.TodoAppApplicationTests" time="2.829">
    <system-out><![CDATA[18:18:19.899 [main] INFO org.springframework.test.context.support.AnnotationConfigContextLoaderUtils -- Could not detect default configuration classes for test class [com.ubedpathan.TodoApp.TodoAppApplicationTests]: TodoAppApplicationTests does not declare any static, non-private, non-final, nested classes annotated with @Configuration.
18:18:20.196 [main] INFO org.springframework.boot.test.context.SpringBootTestContextBootstrapper -- Found @SpringBootConfiguration com.ubedpathan.TodoApp.TodoAppApplication for test class com.ubedpathan.TodoApp.TodoAppApplicationTests

  .   ____          _            __ _ _
 /\\ / ___'_ __ _ _(_)_ __  __ _ \ \ \ \
( ( )\___ | '_ | '_| | '_ \/ _` | \ \ \ \
 \\/  ___)| |_)| | | | | || (_| |  ) ) ) )
  '  |____| .__|_| |_|_| |_\__, | / / / /
 =========|_|==============|___/=/_/_/_/
 :: Spring Boot ::               (v3.2.11)

2024-12-15T18:18:21.561+05:30  INFO 7296 --- [           main] c.u.TodoApp.TodoAppApplicationTests      : Starting TodoAppApplicationTests using Java 17.0.11 with PID 7296 (started by Ubed in D:\Spring data\Todo App\Todo Server)
2024-12-15T18:18:21.571+05:30  INFO 7296 --- [           main] c.u.TodoApp.TodoAppApplicationTests      : The following 1 profile is active: "prod"
2024-12-15T18:18:24.104+05:30  INFO 7296 --- [           main] .s.d.r.c.RepositoryConfigurationDelegate : Bootstrapping Spring Data MongoDB repositories in DEFAULT mode.
2024-12-15T18:18:24.331+05:30  INFO 7296 --- [           main] .s.d.r.c.RepositoryConfigurationDelegate : Finished Spring Data repository scanning in 212 ms. Found 3 MongoDB repository interfaces.
2024-12-15T18:18:26.118+05:30  INFO 7296 --- [           main] org.mongodb.driver.client                : MongoClient with metadata {"application": {"name": "Cluster0"}, "driver": {"name": "mongo-java-driver|sync|spring-boot", "version": "4.11.4"}, "os": {"type": "Windows", "name": "Windows 10", "architecture": "amd64", "version": "10.0"}, "platform": "Java/Oracle Corporation/17.0.11+7-LTS-207"} created with settings MongoClientSettings{readPreference=primary, writeConcern=WriteConcern{w=majority, wTimeout=null ms, journal=null}, retryWrites=true, retryReads=true, readConcern=ReadConcern{level=null}, credential=MongoCredential{mechanism=null, userName='Ubedpathan', source='admin', password=<hidden>, mechanismProperties=<hidden>}, transportSettings=null, streamFactoryFactory=null, commandListeners=[], codecRegistry=ProvidersCodecRegistry{codecProviders=[ValueCodecProvider{}, BsonValueCodecProvider{}, DBRefCodecProvider{}, DBObjectCodecProvider{}, DocumentCodecProvider{}, CollectionCodecProvider{}, IterableCodecProvider{}, MapCodecProvider{}, GeoJsonCodecProvider{}, GridFSFileCodecProvider{}, Jsr310CodecProvider{}, JsonObjectCodecProvider{}, BsonCodecProvider{}, EnumCodecProvider{}, com.mongodb.client.model.mql.ExpressionCodecProvider@30bf26df, com.mongodb.Jep395RecordCodecProvider@261bd7b, com.mongodb.KotlinCodecProvider@6f9e08d4]}, loggerSettings=LoggerSettings{maxDocumentLength=1000}, clusterSettings={hosts=[127.0.0.1:27017], srvHost=cluster0.vtt2z.mongodb.net, srvServiceName=mongodb, mode=MULTIPLE, requiredClusterType=REPLICA_SET, requiredReplicaSetName='atlas-6d14sr-shard-0', serverSelector='null', clusterListeners='[]', serverSelectionTimeout='30000 ms', localThreshold='15 ms'}, socketSettings=SocketSettings{connectTimeoutMS=10000, readTimeoutMS=0, receiveBufferSize=0, proxySettings=ProxySettings{host=null, port=null, username=null, password=null}}, heartbeatSocketSettings=SocketSettings{connectTimeoutMS=10000, readTimeoutMS=10000, receiveBufferSize=0, proxySettings=ProxySettings{host=null, port=null, username=null, password=null}}, connectionPoolSettings=ConnectionPoolSettings{maxSize=100, minSize=0, maxWaitTimeMS=120000, maxConnectionLifeTimeMS=0, maxConnectionIdleTimeMS=0, maintenanceInitialDelayMS=0, maintenanceFrequencyMS=60000, connectionPoolListeners=[], maxConnecting=2}, serverSettings=ServerSettings{heartbeatFrequencyMS=10000, minHeartbeatFrequencyMS=500, serverListeners='[]', serverMonitorListeners='[]'}, sslSettings=SslSettings{enabled=true, invalidHostNameAllowed=false, context=null}, applicationName='Cluster0', compressorList=[], uuidRepresentation=JAVA_LEGACY, serverApi=null, autoEncryptionSettings=null, dnsClient=null, inetAddressResolver=null, contextProvider=null}
2024-12-15T18:18:26.356+05:30  INFO 7296 --- [t2z.mongodb.net] org.mongodb.driver.cluster               : Adding discovered server cluster0-shard-00-00.vtt2z.mongodb.net:27017 to client view of cluster
2024-12-15T18:18:26.489+05:30  INFO 7296 --- [t2z.mongodb.net] org.mongodb.driver.cluster               : Adding discovered server cluster0-shard-00-01.vtt2z.mongodb.net:27017 to client view of cluster
2024-12-15T18:18:26.506+05:30  INFO 7296 --- [t2z.mongodb.net] org.mongodb.driver.cluster               : Adding discovered server cluster0-shard-00-02.vtt2z.mongodb.net:27017 to client view of cluster
2024-12-15T18:18:28.674+05:30  INFO 7296 --- [ngodb.net:27017] org.mongodb.driver.cluster               : Monitor thread successfully connected to server with description ServerDescription{address=cluster0-shard-00-00.vtt2z.mongodb.net:27017, type=REPLICA_SET_SECONDARY, state=CONNECTED, ok=true, minWireVersion=0, maxWireVersion=25, maxDocumentSize=16777216, logicalSessionTimeoutMinutes=30, roundTripTimeNanos=1256441800, setName='atlas-6d14sr-shard-0', canonicalAddress=cluster0-shard-00-00.vtt2z.mongodb.net:27017, hosts=[cluster0-shard-00-02.vtt2z.mongodb.net:27017, cluster0-shard-00-01.vtt2z.mongodb.net:27017, cluster0-shard-00-00.vtt2z.mongodb.net:27017], passives=[], arbiters=[], primary='cluster0-shard-00-02.vtt2z.mongodb.net:27017', tagSet=TagSet{[Tag{name='availabilityZone', value='aps1-az1'}, Tag{name='diskState', value='READY'}, Tag{name='nodeType', value='ELECTABLE'}, Tag{name='provider', value='AWS'}, Tag{name='region', value='AP_SOUTH_1'}, Tag{name='workloadType', value='OPERATIONAL'}]}, electionId=null, setVersion=149, topologyVersion=TopologyVersion{processId=6752e99712c504aca8fdd8d5, counter=4}, lastWriteDate=Sun Dec 15 18:18:27 IST 2024, lastUpdateTimeNanos=8601453449600}
2024-12-15T18:18:28.674+05:30  INFO 7296 --- [ngodb.net:27017] org.mongodb.driver.cluster               : Monitor thread successfully connected to server with description ServerDescription{address=cluster0-shard-00-02.vtt2z.mongodb.net:27017, type=REPLICA_SET_PRIMARY, state=CONNECTED, ok=true, minWireVersion=0, maxWireVersion=25, maxDocumentSize=16777216, logicalSessionTimeoutMinutes=30, roundTripTimeNanos=1225734600, setName='atlas-6d14sr-shard-0', canonicalAddress=cluster0-shard-00-02.vtt2z.mongodb.net:27017, hosts=[cluster0-shard-00-02.vtt2z.mongodb.net:27017, cluster0-shard-00-01.vtt2z.mongodb.net:27017, cluster0-shard-00-00.vtt2z.mongodb.net:27017], passives=[], arbiters=[], primary='cluster0-shard-00-02.vtt2z.mongodb.net:27017', tagSet=TagSet{[Tag{name='availabilityZone', value='aps1-az2'}, Tag{name='diskState', value='READY'}, Tag{name='nodeType', value='ELECTABLE'}, Tag{name='provider', value='AWS'}, Tag{name='region', value='AP_SOUTH_1'}, Tag{name='workloadType', value='OPERATIONAL'}]}, electionId=7fffffff0000000000000193, setVersion=149, topologyVersion=TopologyVersion{processId=6752e8bcef44614e58e219bc, counter=6}, lastWriteDate=Sun Dec 15 18:18:27 IST 2024, lastUpdateTimeNanos=8601427914300}
2024-12-15T18:18:28.674+05:30  INFO 7296 --- [ngodb.net:27017] org.mongodb.driver.cluster               : Monitor thread successfully connected to server with description ServerDescription{address=cluster0-shard-00-01.vtt2z.mongodb.net:27017, type=REPLICA_SET_SECONDARY, state=CONNECTED, ok=true, minWireVersion=0, maxWireVersion=25, maxDocumentSize=16777216, logicalSessionTimeoutMinutes=30, roundTripTimeNanos=1236184499, setName='atlas-6d14sr-shard-0', canonicalAddress=cluster0-shard-00-01.vtt2z.mongodb.net:27017, hosts=[cluster0-shard-00-02.vtt2z.mongodb.net:27017, cluster0-shard-00-01.vtt2z.mongodb.net:27017, cluster0-shard-00-00.vtt2z.mongodb.net:27017], passives=[], arbiters=[], primary='cluster0-shard-00-02.vtt2z.mongodb.net:27017', tagSet=TagSet{[Tag{name='availabilityZone', value='aps1-az3'}, Tag{name='diskState', value='READY'}, Tag{name='nodeType', value='ELECTABLE'}, Tag{name='provider', value='AWS'}, Tag{name='region', value='AP_SOUTH_1'}, Tag{name='workloadType', value='OPERATIONAL'}]}, electionId=null, setVersion=149, topologyVersion=TopologyVersion{processId=6752eb307bba8578a3bb7a56, counter=3}, lastWriteDate=Sun Dec 15 18:18:27 IST 2024, lastUpdateTimeNanos=8601429258400}
2024-12-15T18:18:28.688+05:30  INFO 7296 --- [ngodb.net:27017] org.mongodb.driver.cluster               : Discovered replica set primary cluster0-shard-00-02.vtt2z.mongodb.net:27017 with max election id 7fffffff0000000000000193 and max set version 149
2024-12-15T18:18:29.424+05:30  INFO 7296 --- [           main] o.s.s.web.DefaultSecurityFilterChain     : Will secure any request with [org.springframework.security.web.session.DisableEncodeUrlFilter@1da745a2, org.springframework.security.web.context.request.async.WebAsyncManagerIntegrationFilter@4597e6e3, org.springframework.security.web.context.SecurityContextHolderFilter@3335afcf, org.springframework.security.web.header.HeaderWriterFilter@1669931a, org.springframework.web.filter.CorsFilter@41ece227, org.springframework.security.web.authentication.logout.LogoutFilter@7d522180, com.ubedpathan.TodoApp.filter.JwtFilter@5e3d2765, org.springframework.security.web.savedrequest.RequestCacheAwareFilter@2499b971, org.springframework.security.web.servletapi.SecurityContextHolderAwareRequestFilter@58739e5e, org.springframework.security.web.authentication.AnonymousAuthenticationFilter@7910f355, org.springframework.security.web.access.ExceptionTranslationFilter@faec277, org.springframework.security.web.access.intercept.AuthorizationFilter@316d30ad]
2024-12-15T18:18:30.251+05:30  INFO 7296 --- [           main] c.u.TodoApp.TodoAppApplicationTests      : Started TodoAppApplicationTests in 9.557 seconds (process running for 12.242)
]]></system-out>
  </testcase>
</testsuite>